<?xml version="1.0" encoding="UTF-8"?>
<coverage generated="1584515219550" clover="3.2.0">
  <project timestamp="1584515219550" name="All files">
    <metrics statements="37" coveredstatements="24" conditionals="30" coveredconditionals="15" methods="18" coveredmethods="10" elements="85" coveredelements="49" complexity="0" loc="37" ncloc="37" packages="1" files="6" classes="6"/>
    <file name="App.jsx" path="/Users/siyun/hrsf126/service-reviews/client/src/components/App.jsx">
      <metrics statements="7" coveredstatements="5" conditionals="0" coveredconditionals="0" methods="6" coveredmethods="4"/>
      <line num="11" count="2" type="stmt"/>
      <line num="12" count="2" type="stmt"/>
      <line num="18" count="3" type="stmt"/>
      <line num="22" count="2" type="stmt"/>
      <line num="25" count="0" type="stmt"/>
      <line num="26" count="0" type="stmt"/>
      <line num="31" count="3" type="stmt"/>
    </file>
    <file name="Review.jsx" path="/Users/siyun/hrsf126/service-reviews/client/src/components/Review.jsx">
      <metrics statements="2" coveredstatements="2" conditionals="0" coveredconditionals="0" methods="1" coveredmethods="1"/>
      <line num="4" count="3" type="stmt"/>
      <line num="6" count="1" type="stmt"/>
    </file>
    <file name="ReviewList.jsx" path="/Users/siyun/hrsf126/service-reviews/client/src/components/ReviewList.jsx">
      <metrics statements="2" coveredstatements="2" conditionals="0" coveredconditionals="0" methods="2" coveredmethods="2"/>
      <line num="5" count="2" type="stmt"/>
      <line num="6" count="3" type="stmt"/>
    </file>
    <file name="SetRating.jsx" path="/Users/siyun/hrsf126/service-reviews/client/src/components/SetRating.jsx">
      <metrics statements="22" coveredstatements="12" conditionals="30" coveredconditionals="15" methods="7" coveredmethods="2"/>
      <line num="7" count="1" type="stmt"/>
      <line num="8" count="1" type="stmt"/>
      <line num="15" count="0" type="stmt"/>
      <line num="19" count="0" type="stmt"/>
      <line num="23" count="1" type="stmt"/>
      <line num="24" count="1" type="stmt"/>
      <line num="25" count="5" type="stmt"/>
      <line num="26" count="5" type="cond" truecount="3" falsecount="3"/>
      <line num="27" count="0" type="stmt"/>
      <line num="28" count="5" type="cond" truecount="3" falsecount="3"/>
      <line num="29" count="0" type="stmt"/>
      <line num="30" count="5" type="cond" truecount="3" falsecount="3"/>
      <line num="31" count="0" type="stmt"/>
      <line num="32" count="5" type="cond" truecount="3" falsecount="3"/>
      <line num="33" count="0" type="stmt"/>
      <line num="34" count="5" type="cond" truecount="3" falsecount="3"/>
      <line num="35" count="0" type="stmt"/>
      <line num="37" count="5" type="stmt"/>
      <line num="41" count="0" type="stmt"/>
      <line num="42" count="0" type="stmt"/>
      <line num="43" count="0" type="stmt"/>
      <line num="48" count="1" type="stmt"/>
    </file>
    <file name="Star.jsx" path="/Users/siyun/hrsf126/service-reviews/client/src/components/Star.jsx">
      <metrics statements="2" coveredstatements="2" conditionals="0" coveredconditionals="0" methods="1" coveredmethods="1"/>
      <line num="4" count="2" type="stmt"/>
      <line num="6" count="2" type="stmt"/>
    </file>
    <file name="User.jsx" path="/Users/siyun/hrsf126/service-reviews/client/src/components/User.jsx">
      <metrics statements="2" coveredstatements="1" conditionals="0" coveredconditionals="0" methods="1" coveredmethods="0"/>
      <line num="4" count="3" type="stmt"/>
      <line num="5" count="0" type="stmt"/>
    </file>
  </project>
</coverage>
