{"/Users/siyun/hrsf126/service-reviews/client/src/components/App.jsx": {"path":"/Users/siyun/hrsf126/service-reviews/client/src/components/App.jsx","statementMap":{"0":{"start":{"line":11,"column":4},"end":{"line":11,"column":17}},"1":{"start":{"line":12,"column":4},"end":{"line":14,"column":5}},"2":{"start":{"line":18,"column":4},"end":{"line":18,"column":22}},"3":{"start":{"line":22,"column":4},"end":{"line":27,"column":6}},"4":{"start":{"line":25,"column":29},"end":{"line":25,"column":62}},"5":{"start":{"line":26,"column":23},"end":{"line":26,"column":67}},"6":{"start":{"line":31,"column":4},"end":{"line":37,"column":6}}},"fnMap":{"0":{"name":"(anonymous_0)","decl":{"start":{"line":10,"column":2},"end":{"line":10,"column":3}},"loc":{"start":{"line":10,"column":21},"end":{"line":15,"column":3}},"line":10},"1":{"name":"(anonymous_1)","decl":{"start":{"line":17,"column":2},"end":{"line":17,"column":3}},"loc":{"start":{"line":17,"column":22},"end":{"line":19,"column":3}},"line":17},"2":{"name":"(anonymous_2)","decl":{"start":{"line":21,"column":2},"end":{"line":21,"column":3}},"loc":{"start":{"line":21,"column":15},"end":{"line":28,"column":3}},"line":21},"3":{"name":"(anonymous_3)","decl":{"start":{"line":25,"column":15},"end":{"line":25,"column":16}},"loc":{"start":{"line":25,"column":28},"end":{"line":25,"column":63}},"line":25},"4":{"name":"(anonymous_4)","decl":{"start":{"line":26,"column":13},"end":{"line":26,"column":14}},"loc":{"start":{"line":26,"column":23},"end":{"line":26,"column":67}},"line":26},"5":{"name":"(anonymous_5)","decl":{"start":{"line":30,"column":2},"end":{"line":30,"column":3}},"loc":{"start":{"line":30,"column":11},"end":{"line":38,"column":3}},"line":30}},"branchMap":{},"s":{"0":2,"1":2,"2":3,"3":2,"4":0,"5":0,"6":3},"f":{"0":2,"1":3,"2":2,"3":0,"4":0,"5":3},"b":{},"_coverageSchema":"1a1c01bbd47fc00a2c39e90264f33305004495a9","hash":"1444288d97b1374a5adfcc7b5ad29677f4281de8"}
,"/Users/siyun/hrsf126/service-reviews/client/src/components/Review.jsx": {"path":"/Users/siyun/hrsf126/service-reviews/client/src/components/Review.jsx","statementMap":{"0":{"start":{"line":4,"column":20},"end":{"line":15,"column":1}},"1":{"start":{"line":6,"column":2},"end":{"line":14,"column":3}}},"fnMap":{"0":{"name":"(anonymous_0)","decl":{"start":{"line":4,"column":20},"end":{"line":4,"column":21}},"loc":{"start":{"line":4,"column":31},"end":{"line":15,"column":1}},"line":4}},"branchMap":{},"s":{"0":3,"1":1},"f":{"0":1},"b":{},"_coverageSchema":"1a1c01bbd47fc00a2c39e90264f33305004495a9","hash":"044885399362f577884fff7185c7bab14ccf302b"}
,"/Users/siyun/hrsf126/service-reviews/client/src/components/ReviewList.jsx": {"path":"/Users/siyun/hrsf126/service-reviews/client/src/components/ReviewList.jsx","statementMap":{"0":{"start":{"line":5,"column":19},"end":{"line":7,"column":1}},"1":{"start":{"line":6,"column":2},"end":{"line":6,"column":105}},"2":{"start":{"line":6,"column":47},"end":{"line":6,"column":95}}},"fnMap":{"0":{"name":"(anonymous_0)","decl":{"start":{"line":5,"column":19},"end":{"line":5,"column":20}},"loc":{"start":{"line":5,"column":30},"end":{"line":7,"column":1}},"line":5},"1":{"name":"(anonymous_1)","decl":{"start":{"line":6,"column":34},"end":{"line":6,"column":35}},"loc":{"start":{"line":6,"column":47},"end":{"line":6,"column":95}},"line":6}},"branchMap":{},"s":{"0":2,"1":1,"2":3},"f":{"0":1,"1":3},"b":{},"_coverageSchema":"1a1c01bbd47fc00a2c39e90264f33305004495a9","hash":"281bfc1787650088281e3214ceb02a7c411ccca6"}
,"/Users/siyun/hrsf126/service-reviews/client/src/components/SetRating.jsx": {"path":"/Users/siyun/hrsf126/service-reviews/client/src/components/SetRating.jsx","statementMap":{"0":{"start":{"line":7,"column":4},"end":{"line":7,"column":17}},"1":{"start":{"line":8,"column":4},"end":{"line":11,"column":5}},"2":{"start":{"line":15,"column":4},"end":{"line":15,"column":35}},"3":{"start":{"line":19,"column":4},"end":{"line":19,"column":40}},"4":{"start":{"line":23,"column":16},"end":{"line":23,"column":18}},"5":{"start":{"line":24,"column":4},"end":{"line":46,"column":5}},"6":{"start":{"line":24,"column":17},"end":{"line":24,"column":18}},"7":{"start":{"line":25,"column":23},"end":{"line":25,"column":42}},"8":{"start":{"line":26,"column":6},"end":{"line":36,"column":7}},"9":{"start":{"line":27,"column":8},"end":{"line":27,"column":36}},"10":{"start":{"line":28,"column":13},"end":{"line":36,"column":7}},"11":{"start":{"line":29,"column":8},"end":{"line":29,"column":36}},"12":{"start":{"line":30,"column":13},"end":{"line":36,"column":7}},"13":{"start":{"line":31,"column":8},"end":{"line":31,"column":36}},"14":{"start":{"line":32,"column":13},"end":{"line":36,"column":7}},"15":{"start":{"line":33,"column":8},"end":{"line":33,"column":36}},"16":{"start":{"line":34,"column":13},"end":{"line":36,"column":7}},"17":{"start":{"line":35,"column":8},"end":{"line":35,"column":36}},"18":{"start":{"line":37,"column":6},"end":{"line":45,"column":7}},"19":{"start":{"line":41,"column":26},"end":{"line":41,"column":50}},"20":{"start":{"line":42,"column":31},"end":{"line":42,"column":60}},"21":{"start":{"line":43,"column":31},"end":{"line":43,"column":56}},"22":{"start":{"line":48,"column":4},"end":{"line":57,"column":5}}},"fnMap":{"0":{"name":"(anonymous_0)","decl":{"start":{"line":6,"column":2},"end":{"line":6,"column":3}},"loc":{"start":{"line":6,"column":21},"end":{"line":12,"column":3}},"line":6},"1":{"name":"(anonymous_1)","decl":{"start":{"line":14,"column":2},"end":{"line":14,"column":3}},"loc":{"start":{"line":14,"column":22},"end":{"line":16,"column":3}},"line":14},"2":{"name":"(anonymous_2)","decl":{"start":{"line":18,"column":2},"end":{"line":18,"column":3}},"loc":{"start":{"line":18,"column":27},"end":{"line":20,"column":3}},"line":18},"3":{"name":"(anonymous_3)","decl":{"start":{"line":22,"column":2},"end":{"line":22,"column":3}},"loc":{"start":{"line":22,"column":11},"end":{"line":58,"column":3}},"line":22},"4":{"name":"(anonymous_4)","decl":{"start":{"line":41,"column":19},"end":{"line":41,"column":20}},"loc":{"start":{"line":41,"column":25},"end":{"line":41,"column":51}},"line":41},"5":{"name":"(anonymous_5)","decl":{"start":{"line":42,"column":24},"end":{"line":42,"column":25}},"loc":{"start":{"line":42,"column":30},"end":{"line":42,"column":61}},"line":42},"6":{"name":"(anonymous_6)","decl":{"start":{"line":43,"column":24},"end":{"line":43,"column":25}},"loc":{"start":{"line":43,"column":30},"end":{"line":43,"column":57}},"line":43}},"branchMap":{"0":{"loc":{"start":{"line":26,"column":6},"end":{"line":36,"column":7}},"type":"if","locations":[{"start":{"line":26,"column":6},"end":{"line":36,"column":7}},{"start":{"line":26,"column":6},"end":{"line":36,"column":7}}],"line":26},"1":{"loc":{"start":{"line":26,"column":10},"end":{"line":26,"column":125}},"type":"binary-expr","locations":[{"start":{"line":26,"column":11},"end":{"line":26,"column":32}},{"start":{"line":26,"column":36},"end":{"line":26,"column":62}},{"start":{"line":26,"column":69},"end":{"line":26,"column":92}},{"start":{"line":26,"column":96},"end":{"line":26,"column":124}}],"line":26},"2":{"loc":{"start":{"line":28,"column":13},"end":{"line":36,"column":7}},"type":"if","locations":[{"start":{"line":28,"column":13},"end":{"line":36,"column":7}},{"start":{"line":28,"column":13},"end":{"line":36,"column":7}}],"line":28},"3":{"loc":{"start":{"line":28,"column":17},"end":{"line":28,"column":132}},"type":"binary-expr","locations":[{"start":{"line":28,"column":18},"end":{"line":28,"column":39}},{"start":{"line":28,"column":43},"end":{"line":28,"column":69}},{"start":{"line":28,"column":76},"end":{"line":28,"column":99}},{"start":{"line":28,"column":103},"end":{"line":28,"column":131}}],"line":28},"4":{"loc":{"start":{"line":30,"column":13},"end":{"line":36,"column":7}},"type":"if","locations":[{"start":{"line":30,"column":13},"end":{"line":36,"column":7}},{"start":{"line":30,"column":13},"end":{"line":36,"column":7}}],"line":30},"5":{"loc":{"start":{"line":30,"column":17},"end":{"line":30,"column":132}},"type":"binary-expr","locations":[{"start":{"line":30,"column":18},"end":{"line":30,"column":39}},{"start":{"line":30,"column":43},"end":{"line":30,"column":69}},{"start":{"line":30,"column":76},"end":{"line":30,"column":99}},{"start":{"line":30,"column":103},"end":{"line":30,"column":131}}],"line":30},"6":{"loc":{"start":{"line":32,"column":13},"end":{"line":36,"column":7}},"type":"if","locations":[{"start":{"line":32,"column":13},"end":{"line":36,"column":7}},{"start":{"line":32,"column":13},"end":{"line":36,"column":7}}],"line":32},"7":{"loc":{"start":{"line":32,"column":17},"end":{"line":32,"column":132}},"type":"binary-expr","locations":[{"start":{"line":32,"column":18},"end":{"line":32,"column":39}},{"start":{"line":32,"column":43},"end":{"line":32,"column":69}},{"start":{"line":32,"column":76},"end":{"line":32,"column":99}},{"start":{"line":32,"column":103},"end":{"line":32,"column":131}}],"line":32},"8":{"loc":{"start":{"line":34,"column":13},"end":{"line":36,"column":7}},"type":"if","locations":[{"start":{"line":34,"column":13},"end":{"line":36,"column":7}},{"start":{"line":34,"column":13},"end":{"line":36,"column":7}}],"line":34},"9":{"loc":{"start":{"line":34,"column":17},"end":{"line":34,"column":132}},"type":"binary-expr","locations":[{"start":{"line":34,"column":18},"end":{"line":34,"column":39}},{"start":{"line":34,"column":43},"end":{"line":34,"column":69}},{"start":{"line":34,"column":76},"end":{"line":34,"column":99}},{"start":{"line":34,"column":103},"end":{"line":34,"column":131}}],"line":34}},"s":{"0":1,"1":1,"2":0,"3":0,"4":1,"5":1,"6":1,"7":5,"8":5,"9":0,"10":5,"11":0,"12":5,"13":0,"14":5,"15":0,"16":5,"17":0,"18":5,"19":0,"20":0,"21":0,"22":1},"f":{"0":1,"1":0,"2":0,"3":1,"4":0,"5":0,"6":0},"b":{"0":[0,5],"1":[5,5,0,0],"2":[0,5],"3":[5,5,0,0],"4":[0,5],"5":[5,5,0,0],"6":[0,5],"7":[5,5,0,0],"8":[0,5],"9":[5,5,0,0]},"_coverageSchema":"1a1c01bbd47fc00a2c39e90264f33305004495a9","hash":"9f2084a6a76785c393721df5a13a3f2d36e52c3c"}
,"/Users/siyun/hrsf126/service-reviews/client/src/components/Star.jsx": {"path":"/Users/siyun/hrsf126/service-reviews/client/src/components/Star.jsx","statementMap":{"0":{"start":{"line":4,"column":13},"end":{"line":16,"column":1}},"1":{"start":{"line":6,"column":2},"end":{"line":15,"column":3}}},"fnMap":{"0":{"name":"(anonymous_0)","decl":{"start":{"line":4,"column":13},"end":{"line":4,"column":14}},"loc":{"start":{"line":4,"column":24},"end":{"line":16,"column":1}},"line":4}},"branchMap":{},"s":{"0":2,"1":2},"f":{"0":2},"b":{},"_coverageSchema":"1a1c01bbd47fc00a2c39e90264f33305004495a9","hash":"0663ef3f9f4f3b49425908c5014f96061b566883"}
,"/Users/siyun/hrsf126/service-reviews/client/src/components/User.jsx": {"path":"/Users/siyun/hrsf126/service-reviews/client/src/components/User.jsx","statementMap":{"0":{"start":{"line":4,"column":13},"end":{"line":14,"column":1}},"1":{"start":{"line":5,"column":2},"end":{"line":13,"column":3}}},"fnMap":{"0":{"name":"(anonymous_0)","decl":{"start":{"line":4,"column":13},"end":{"line":4,"column":14}},"loc":{"start":{"line":4,"column":24},"end":{"line":14,"column":1}},"line":4}},"branchMap":{},"s":{"0":3,"1":0},"f":{"0":0},"b":{},"_coverageSchema":"1a1c01bbd47fc00a2c39e90264f33305004495a9","hash":"e694e218b725f9ccb741180047e0ff8e5f6aec1b"}
}
