TN:
SF:client/src/components/App.jsx
FN:10,(anonymous_0)
FN:17,(anonymous_1)
FN:21,(anonymous_2)
FN:25,(anonymous_3)
FN:26,(anonymous_4)
FN:30,(anonymous_5)
FNF:6
FNH:4
FNDA:2,(anonymous_0)
FNDA:3,(anonymous_1)
FNDA:2,(anonymous_2)
FNDA:0,(anonymous_3)
FNDA:0,(anonymous_4)
FNDA:3,(anonymous_5)
DA:11,2
DA:12,2
DA:18,3
DA:22,2
DA:25,0
DA:26,0
DA:31,3
LF:7
LH:5
BRF:0
BRH:0
end_of_record
TN:
SF:client/src/components/Review.jsx
FN:4,(anonymous_0)
FNF:1
FNH:1
FNDA:1,(anonymous_0)
DA:4,3
DA:6,1
LF:2
LH:2
BRF:0
BRH:0
end_of_record
TN:
SF:client/src/components/ReviewList.jsx
FN:5,(anonymous_0)
FN:6,(anonymous_1)
FNF:2
FNH:2
FNDA:1,(anonymous_0)
FNDA:3,(anonymous_1)
DA:5,2
DA:6,3
LF:2
LH:2
BRF:0
BRH:0
end_of_record
TN:
SF:client/src/components/SetRating.jsx
FN:6,(anonymous_0)
FN:14,(anonymous_1)
FN:18,(anonymous_2)
FN:22,(anonymous_3)
FN:41,(anonymous_4)
FN:42,(anonymous_5)
FN:43,(anonymous_6)
FNF:7
FNH:2
FNDA:1,(anonymous_0)
FNDA:0,(anonymous_1)
FNDA:0,(anonymous_2)
FNDA:1,(anonymous_3)
FNDA:0,(anonymous_4)
FNDA:0,(anonymous_5)
FNDA:0,(anonymous_6)
DA:7,1
DA:8,1
DA:15,0
DA:19,0
DA:23,1
DA:24,1
DA:25,5
DA:26,5
DA:27,0
DA:28,5
DA:29,0
DA:30,5
DA:31,0
DA:32,5
DA:33,0
DA:34,5
DA:35,0
DA:37,5
DA:41,0
DA:42,0
DA:43,0
DA:48,1
LF:22
LH:12
BRDA:26,0,0,0
BRDA:26,0,1,5
BRDA:26,1,0,5
BRDA:26,1,1,5
BRDA:26,1,2,0
BRDA:26,1,3,0
BRDA:28,2,0,0
BRDA:28,2,1,5
BRDA:28,3,0,5
BRDA:28,3,1,5
BRDA:28,3,2,0
BRDA:28,3,3,0
BRDA:30,4,0,0
BRDA:30,4,1,5
BRDA:30,5,0,5
BRDA:30,5,1,5
BRDA:30,5,2,0
BRDA:30,5,3,0
BRDA:32,6,0,0
BRDA:32,6,1,5
BRDA:32,7,0,5
BRDA:32,7,1,5
BRDA:32,7,2,0
BRDA:32,7,3,0
BRDA:34,8,0,0
BRDA:34,8,1,5
BRDA:34,9,0,5
BRDA:34,9,1,5
BRDA:34,9,2,0
BRDA:34,9,3,0
BRF:30
BRH:15
end_of_record
TN:
SF:client/src/components/Star.jsx
FN:4,(anonymous_0)
FNF:1
FNH:1
FNDA:2,(anonymous_0)
DA:4,2
DA:6,2
LF:2
LH:2
BRF:0
BRH:0
end_of_record
TN:
SF:client/src/components/User.jsx
FN:4,(anonymous_0)
FNF:1
FNH:0
FNDA:0,(anonymous_0)
DA:4,3
DA:5,0
LF:2
LH:1
BRF:0
BRH:0
end_of_record
